# JRE version: OpenJDK Runtime Environment Temurin-21.0.3+9 (21.0.3+9) (build 21.0.3+9-LTS)
# Java VM: OpenJDK 64-Bit Server VM Temurin-21.0.3+9 (21.0.3+9-LTS, mixed mode, emulated-client, tiered, compressed oops, compressed class ptrs, g1 gc, windows-amd64)
GC Precious Log:
 CardTable entry size: 512
 Card Set container configuration: InlinePtr #cards 4 size 8 Array Of Cards #cards 32 size 80 Howl #buckets 8 coarsen threshold 7372 Howl Bitmap #cards 1024 size 144 coarsen threshold 921 Card regions per heap region 1 cards per card region 8192
 CPUs: 12 total, 12 available
 Memory: 32626M
 Large Page Support: Disabled
 NUMA Support: Disabled
 Compressed Oops: Enabled (Zero based)
 Heap Region Size: 4M
 Heap Min Capacity: 8M
 Heap Initial Capacity: 512M
 Heap Max Capacity: 8160M
 Pre-touch: Disabled
 Parallel Workers: 10
 Concurrent Workers: 3
 Concurrent Refinement Workers: 10
 Periodic GC: Disabled
Heap:
 garbage-first heap   total 122880K, used 66714K [0x0000000602000000, 0x0000000800000000)
  region size 4096K, 7 young (28672K), 2 survivors (8192K)
 Metaspace       used 92354K, committed 93632K, reserved 1179648K
  class space    used 12118K, committed 12736K, reserved 1048576K
GC Heap History (20 events):
Event: 5248.832 GC heap after
{Heap after GC invocations=54 (full 9):
 garbage-first heap   total 151552K, used 44321K [0x0000000602000000, 0x0000000800000000)
  region size 4096K, 2 young (8192K), 2 survivors (8192K)
 Metaspace       used 90267K, committed 91328K, reserved 1179648K
  class space    used 11933K, committed 12480K, reserved 1048576K
}
Event: 5251.643 GC heap before
{Heap before GC invocations=55 (full 9):
 garbage-first heap   total 151552K, used 89377K [0x0000000602000000, 0x0000000800000000)
  region size 4096K, 14 young (57344K), 2 survivors (8192K)
 Metaspace       used 90312K, committed 91328K, reserved 1179648K
  class space    used 11938K, committed 12480K, reserved 1048576K
}
Event: 5251.717 GC heap after
{Heap after GC invocations=56 (full 10):
 garbage-first heap   total 151552K, used 38504K [0x0000000602000000, 0x0000000800000000)
  region size 4096K, 0 young (0K), 0 survivors (0K)
 Metaspace       used 90275K, committed 91328K, reserved 1179648K
  class space    used 11934K, committed 12480K, reserved 1048576K
}
Event: 5252.407 GC heap before
{Heap before GC invocations=56 (full 10):
 garbage-first heap   total 151552K, used 124520K [0x0000000602000000, 0x0000000800000000)
  region size 4096K, 21 young (86016K), 0 survivors (0K)
 Metaspace       used 90761K, committed 91840K, reserved 1179648K
  class space    used 11977K, committed 12544K, reserved 1048576K
}
Event: 5252.410 GC heap after
{Heap after GC invocations=57 (full 10):
 garbage-first heap   total 151552K, used 44777K [0x0000000602000000, 0x0000000800000000)
  region size 4096K, 2 young (8192K), 2 survivors (8192K)
 Metaspace       used 90761K, committed 91840K, reserved 1179648K
  class space    used 11977K, committed 12544K, reserved 1048576K
}
Event: 5734.656 GC heap before
{Heap before GC invocations=58 (full 10):
 garbage-first heap   total 151552K, used 122601K [0x0000000602000000, 0x0000000800000000)
  region size 4096K, 21 young (86016K), 2 survivors (8192K)
 Metaspace       used 91046K, committed 92096K, reserved 1179648K
  class space    used 12004K, committed 12544K, reserved 1048576K
}
Event: 5734.661 GC heap after
{Heap after GC invocations=59 (full 10):
 garbage-first heap   total 151552K, used 45669K [0x0000000602000000, 0x0000000800000000)
  region size 4096K, 2 young (8192K), 2 survivors (8192K)
 Metaspace       used 91046K, committed 92096K, reserved 1179648K
  class space    used 12004K, committed 12544K, reserved 1048576K
}
Event: 6009.328 GC heap before
{Heap before GC invocations=59 (full 10):
 garbage-first heap   total 151552K, used 62053K [0x0000000602000000, 0x0000000800000000)
  region size 4096K, 7 young (28672K), 2 survivors (8192K)
 Metaspace       used 91049K, committed 92096K, reserved 1179648K
  class space    used 12005K, committed 12544K, reserved 1048576K
}
Event: 6009.401 GC heap after
{Heap after GC invocations=60 (full 11):
 garbage-first heap   total 122880K, used 34877K [0x0000000602000000, 0x0000000800000000)
  region size 4096K, 0 young (0K), 0 survivors (0K)
 Metaspace       used 90926K, committed 92096K, reserved 1179648K
  class space    used 11980K, committed 12544K, reserved 1048576K
}
Event: 6010.224 GC heap before
{Heap before GC invocations=60 (full 11):
 garbage-first heap   total 122880K, used 104509K [0x0000000602000000, 0x0000000800000000)
  region size 4096K, 18 young (73728K), 0 survivors (0K)
 Metaspace       used 91434K, committed 92480K, reserved 1179648K
  class space    used 12057K, committed 12544K, reserved 1048576K
}
Event: 6010.229 GC heap after
{Heap after GC invocations=61 (full 11):
 garbage-first heap   total 122880K, used 42373K [0x0000000602000000, 0x0000000800000000)
  region size 4096K, 2 young (8192K), 2 survivors (8192K)
 Metaspace       used 91434K, committed 92480K, reserved 1179648K
  class space    used 12057K, committed 12544K, reserved 1048576K
}
Event: 6010.737 GC heap before
{Heap before GC invocations=62 (full 11):
 garbage-first heap   total 122880K, used 103813K [0x0000000602000000, 0x0000000800000000)
  region size 4096K, 17 young (69632K), 2 survivors (8192K)
 Metaspace       used 91816K, committed 92928K, reserved 1179648K
  class space    used 12122K, committed 12672K, reserved 1048576K
}
Event: 6010.742 GC heap after
{Heap after GC invocations=63 (full 11):
 garbage-first heap   total 122880K, used 47916K [0x0000000602000000, 0x0000000800000000)
  region size 4096K, 2 young (8192K), 2 survivors (8192K)
 Metaspace       used 91816K, committed 92928K, reserved 1179648K
  class space    used 12122K, committed 12672K, reserved 1048576K
}
Event: 6268.919 GC heap before
{Heap before GC invocations=63 (full 11):
 garbage-first heap   total 122880K, used 72492K [0x0000000602000000, 0x0000000800000000)
  region size 4096K, 9 young (36864K), 2 survivors (8192K)
 Metaspace       used 92155K, committed 93376K, reserved 1179648K
  class space    used 12154K, committed 12736K, reserved 1048576K
}
Event: 6268.998 GC heap after
{Heap after GC invocations=64 (full 12):
 garbage-first heap   total 122880K, used 39647K [0x0000000602000000, 0x0000000800000000)
  region size 4096K, 0 young (0K), 0 survivors (0K)
 Metaspace       used 91962K, committed 93376K, reserved 1179648K
  class space    used 12114K, committed 12736K, reserved 1048576K
}
Event: 6270.116 GC heap before
{Heap before GC invocations=64 (full 12):
 garbage-first heap   total 122880K, used 101087K [0x0000000602000000, 0x0000000800000000)
  region size 4096K, 15 young (61440K), 0 survivors (0K)
 Metaspace       used 92171K, committed 93376K, reserved 1179648K
  class space    used 12141K, committed 12736K, reserved 1048576K
}
Event: 6270.119 GC heap after
{Heap after GC invocations=65 (full 12):
 garbage-first heap   total 122880K, used 44699K [0x0000000602000000, 0x0000000800000000)
  region size 4096K, 2 young (8192K), 2 survivors (8192K)
 Metaspace       used 92171K, committed 93376K, reserved 1179648K
  class space    used 12141K, committed 12736K, reserved 1048576K
}
Event: 6270.613 GC heap before
{Heap before GC invocations=66 (full 12):
 garbage-first heap   total 122880K, used 97947K [0x0000000602000000, 0x0000000800000000)
  region size 4096K, 15 young (61440K), 2 survivors (8192K)
 Metaspace       used 92266K, committed 93568K, reserved 1179648K
  class space    used 12108K, committed 12736K, reserved 1048576K
}
Event: 6270.617 GC heap after
{Heap after GC invocations=67 (full 12):
 garbage-first heap   total 122880K, used 48151K [0x0000000602000000, 0x0000000800000000)
  region size 4096K, 2 young (8192K), 2 survivors (8192K)
 Metaspace       used 92266K, committed 93568K, reserved 1179648K
  class space    used 12108K, committed 12736K, reserved 1048576K
}
Event: 6291.633 GC heap before
{Heap before GC invocations=67 (full 12):
 garbage-first heap   total 122880K, used 64535K [0x0000000602000000, 0x0000000800000000)
  region size 4096K, 7 young (28672K), 2 survivors (8192K)
 Metaspace       used 92354K, committed 93632K, reserved 1179648K
  class space    used 12118K, committed 12736K, reserved 1048576K
}

